<?xml version="1.0" encoding="UTF-8"?>
<!-- Generated by org.testng.reporters.JUnitReportReporter -->
<testsuite hostname="somesh-PC" name="com.testng.AddEmp" tests="1" failures="0" timestamp="29 Sep 2018 11:29:46 GMT" time="4.075" errors="0">
  <testcase name="addEmp" time="4.075" classname="com.testng.AddEmp"/>
</testsuite> <!-- com.testng.AddEmp -->
