<?xml version="1.0" encoding="UTF-8"?>
<!-- Generated by org.testng.reporters.JUnitReportReporter -->
<testsuite hostname="somesh-PC" name="grid.Grid" tests="2" failures="0" timestamp="30 Sep 2018 06:56:04 GMT" time="37.922" errors="0">
  <testcase name="dropdownTest" time="17.997" classname="grid.Grid"/>
  <testcase name="dropdownTest" time="19.925" classname="grid.Grid"/>
</testsuite> <!-- grid.Grid -->
