<?xml version="1.0" encoding="UTF-8"?>
<!-- Generated by org.testng.reporters.JUnitReportReporter -->
<testsuite hostname="somesh-PC" name="grid.OrangeHrmLoginGrid" tests="1" failures="0" timestamp="30 Sep 2018 06:48:36 GMT" time="12.008" errors="0">
  <testcase name="loginTest" time="12.008" classname="grid.OrangeHrmLoginGrid"/>
</testsuite> <!-- grid.OrangeHrmLoginGrid -->
